commit e23ffa989775de87e611ba0b4153ea57ee9594a4
Author: sourserge <15277406+souserge@users.noreply.github.com>
Date:   Fri Nov 1 12:54:35 2019 +0200

    Add config files that were previously ignored

commit bce88d5a93398c31e1356c9ed293839ca0051726
Author: sourserge <15277406+souserge@users.noreply.github.com>
Date:   Fri Nov 1 12:50:51 2019 +0200

    Add server and client parts

commit b0a8cf84316c1b10c813fa16a2b25b9594638dc2
Author: sourserge <15277406+souserge@users.noreply.github.com>
Date:   Thu Oct 31 20:45:43 2019 +0200

    Add setup files

commit 18e29b45d39529555c0a3657ab863d80046a8e57
Author: sourserge <15277406+souserge@users.noreply.github.com>
Date:   Thu Oct 31 13:15:30 2019 +0200

    Add gitignore

commit 62de4e1c4f6ead8455799d603ecbb53b94b182ab
Author: sourserge <15277406+souserge@users.noreply.github.com>
Date:   Thu Oct 31 13:14:32 2019 +0200

    Start with the template

commit e7893d8356f3abccb99dd855d94e6c559209d8b9
Author: Serge Korzh <serge@dhcp-87-76.eduroam.aalto.fi>
Date:   Mon Oct 28 18:22:59 2019 +0200

    first commit
